<?xml version="1.0" encoding="UTF-8"?>
<!-- Generated by org.testng.reporters.JUnitReportReporter -->
<testsuite name="com.testcases.DynamicTable" tests="1" time="22.584" ignored="1" failures="0" timestamp="26 Feb 2019 20:42:17 GMT" skipped="0" hostname="DHEERAJ" errors="1">
  <testcase name="checkboxTable" time="22.584" classname="com.testcases.DynamicTable">
    <error type="org.openqa.selenium.NoSuchElementException" message="Unable to locate element: {&quot;method&quot;:&quot;xpath&quot;,&quot;selector&quot;:&quot;//th[@id =&#039;table:_hdrCol2&#039;]/parent::tr/parent::thead/parent::table/tbody/tr[1]//td[4]/preceding-sibling::td[2]//input&quot;}
Command duration or timeout: 0 milliseconds">
      <![CDATA[org.openqa.selenium.NoSuchElementException: Unable to locate element: {"method":"xpath","selector":"//th[@id ='table:_hdrCol2']/parent::tr/parent::thead/parent::table/tbody/tr[1]//td[4]/preceding-sibling::td[2]//input"}
Command duration or timeout: 0 milliseconds
	at sun.reflect.NativeConstructorAccessorImpl.newInstance0(Native Method)
	at sun.reflect.NativeConstructorAccessorImpl.newInstance(NativeConstructorAccessorImpl.java:62)
	at sun.reflect.DelegatingConstructorAccessorImpl.newInstance(DelegatingConstructorAccessorImpl.java:45)
	at java.lang.reflect.Constructor.newInstance(Constructor.java:423)
	at org.openqa.selenium.remote.ErrorHandler.createThrowable(ErrorHandler.java:214)
	at org.openqa.selenium.remote.ErrorHandler.throwIfResponseFailed(ErrorHandler.java:166)
	at org.openqa.selenium.remote.http.JsonHttpResponseCodec.reconstructValue(JsonHttpResponseCodec.java:40)
	at org.openqa.selenium.remote.http.AbstractHttpResponseCodec.decode(AbstractHttpResponseCodec.java:80)
	at org.openqa.selenium.remote.http.AbstractHttpResponseCodec.decode(AbstractHttpResponseCodec.java:44)
	at org.openqa.selenium.remote.HttpCommandExecutor.execute(HttpCommandExecutor.java:158)
	at org.openqa.selenium.remote.service.DriverCommandExecutor.execute(DriverCommandExecutor.java:83)
	at org.openqa.selenium.remote.RemoteWebDriver.execute(RemoteWebDriver.java:552)
	at org.openqa.selenium.remote.RemoteWebDriver.findElement(RemoteWebDriver.java:323)
	at org.openqa.selenium.remote.RemoteWebDriver.findElementByXPath(RemoteWebDriver.java:428)
	at org.openqa.selenium.By$ByXPath.findElement(By.java:353)
	at org.openqa.selenium.remote.RemoteWebDriver.findElement(RemoteWebDriver.java:315)
	at com.testcases.DynamicTable.checkboxTable(DynamicTable.java:89)
	at sun.reflect.NativeMethodAccessorImpl.invoke0(Native Method)
	at sun.reflect.NativeMethodAccessorImpl.invoke(NativeMethodAccessorImpl.java:62)
	at sun.reflect.DelegatingMethodAccessorImpl.invoke(DelegatingMethodAccessorImpl.java:43)
	at java.lang.reflect.Method.invoke(Method.java:498)
	at org.testng.internal.MethodInvocationHelper.invokeMethod(MethodInvocationHelper.java:104)
	at org.testng.internal.Invoker.invokeMethod(Invoker.java:645)
	at org.testng.internal.Invoker.invokeTestMethod(Invoker.java:851)
	at org.testng.internal.Invoker.invokeTestMethods(Invoker.java:1177)
	at org.testng.internal.TestMethodWorker.invokeTestMethods(TestMethodWorker.java:129)
	at org.testng.internal.TestMethodWorker.run(TestMethodWorker.java:112)
	at org.testng.TestRunner.privateRun(TestRunner.java:756)
	at org.testng.TestRunner.run(TestRunner.java:610)
	at org.testng.SuiteRunner.runTest(SuiteRunner.java:387)
	at org.testng.SuiteRunner.runSequentially(SuiteRunner.java:382)
	at org.testng.SuiteRunner.privateRun(SuiteRunner.java:340)
	at org.testng.SuiteRunner.run(SuiteRunner.java:289)
	at org.testng.SuiteRunnerWorker.runSuite(SuiteRunnerWorker.java:52)
	at org.testng.SuiteRunnerWorker.run(SuiteRunnerWorker.java:86)
	at org.testng.TestNG.runSuitesSequentially(TestNG.java:1293)
	at org.testng.TestNG.runSuitesLocally(TestNG.java:1218)
	at org.testng.TestNG.runSuites(TestNG.java:1133)
	at org.testng.TestNG.run(TestNG.java:1104)
	at org.testng.remote.AbstractRemoteTestNG.run(AbstractRemoteTestNG.java:114)
	at org.testng.remote.RemoteTestNG.initAndRun(RemoteTestNG.java:251)
	at org.testng.remote.RemoteTestNG.main(RemoteTestNG.java:77)
Caused by: org.openqa.selenium.NoSuchElementException: Unable to locate element: {"method":"xpath","selector":"//th[@id ='table:_hdrCol2']/parent::tr/parent::thead/parent::table/tbody/tr[1]//td[4]/preceding-sibling::td[2]//input"}
For documentation on this error, please visit: https://www.seleniumhq.org/exceptions/no_such_element.html
Build info: version: '3.141.59', revision: 'e82be7d358', time: '2018-11-14T08:17:03'
System info: host: 'DHEERAJ', ip: '192.168.1.10', os.name: 'Windows 10', os.arch: 'amd64', os.version: '10.0', java.version: '1.8.0_171'
Driver info: driver.version: unknown
	at <anonymous class>.FirefoxDriver.prototype.findElementInternal_(jar:file:///C:/Users/Admin/AppData/Local/Temp/anonymous4310149680126923091webdriver-profile/extensions/fxdriver@googlecode.com.xpi!/components/driver-component.js:11885)
	at <anonymous class>.FirefoxDriver.prototype.findElement(jar:file:///C:/Users/Admin/AppData/Local/Temp/anonymous4310149680126923091webdriver-profile/extensions/fxdriver@googlecode.com.xpi!/components/driver-component.js:11894)
	at <anonymous class>.DelayedCommand.prototype.executeInternal_/k(jar:file:///C:/Users/Admin/AppData/Local/Temp/anonymous4310149680126923091webdriver-profile/extensions/fxdriver@googlecode.com.xpi!/components/command-processor.js:13395)
	at <anonymous class>.DelayedCommand.prototype.executeInternal_(jar:file:///C:/Users/Admin/AppData/Local/Temp/anonymous4310149680126923091webdriver-profile/extensions/fxdriver@googlecode.com.xpi!/components/command-processor.js:13400)
	at <anonymous class>.DelayedCommand.prototype.execute/<(jar:file:///C:/Users/Admin/AppData/Local/Temp/anonymous4310149680126923091webdriver-profile/extensions/fxdriver@googlecode.com.xpi!/components/command-processor.js:13342)
]]>
    </error>
  </testcase> <!-- checkboxTable -->
  <testcase name="tablehandle" classname="com.testcases.DynamicTable">
    <skipped/>
  </testcase> <!-- tablehandle -->
</testsuite> <!-- com.testcases.DynamicTable -->
